<?xml version="1.0" encoding="UTF-8"?>
<testsuite name="com.att.ticketwala.service.test.TestMovieShowsService" tests="2" skipped="0" failures="0" errors="0" timestamp="2017-10-01T14:33:51" hostname="Yotams-MacBook-Pro.local" time="0.036">
  <properties/>
  <testcase name="testGetMovieShows" classname="com.att.ticketwala.service.test.TestMovieShowsService" time="0.03"/>
  <testcase name="testAddMovieShow" classname="com.att.ticketwala.service.test.TestMovieShowsService" time="0.004"/>
  <system-out><![CDATA[Storing Movie -> { name : movie1, date : 2016-10-01T20:30, duration : 90 }
Storing Movie -> { name : movie2, date : 2016-10-01T20:30, duration : 90 }
Storing Movie -> { name : Big Lebowsky, date : 2016-10-01T20:30, duration : 90 }
Result [success=true, message=Movie { name : Big Lebowsky, date : 2016-10-01T20:30, duration : 90 } Created Successfully]
]]></system-out>
  <system-err><![CDATA[]]></system-err>
</testsuite>
